<?xml version="1.0" encoding="UTF-8"?>
<!-- Generated by org.testng.reporters.JUnitReportReporter -->
<testsuite skipped="0" hostname="DESKTOP-9IUKI7L" name="com.qa.project.testcases.SearchDDTest" tests="4" failures="0" timestamp="2020-08-23T11:05:48 CDT" time="12.252" errors="0">
  <testcase name="searchPeopleTest" time="2.866" classname="com.qa.project.testcases.SearchDDTest"/>
  <system-out/>
  <testcase name="searchPeopleTest" time="2.951" classname="com.qa.project.testcases.SearchDDTest"/>
  <system-out/>
  <testcase name="searchPeopleTest" time="3.339" classname="com.qa.project.testcases.SearchDDTest"/>
  <system-out/>
  <testcase name="searchPeopleTest" time="3.096" classname="com.qa.project.testcases.SearchDDTest"/>
  <system-out/>
</testsuite> <!-- com.qa.project.testcases.SearchDDTest -->
